E:\C++\LEETCODE_SELF\ISANAGRAM\CONSOLEAPPLICATION1\CONSOLEAPPLICATION1\DEBUG\MAIN.OBJ
E:\C++\LEETCODE_SELF\ISANAGRAM\CONSOLEAPPLICATION1\CONSOLEAPPLICATION1\DEBUG\VC110.PDB
E:\C++\LEETCODE_SELF\ISANAGRAM\CONSOLEAPPLICATION1\DEBUG\CONSOLEAPPLICATION1.ILK
E:\C++\LEETCODE_SELF\ISANAGRAM\CONSOLEAPPLICATION1\DEBUG\CONSOLEAPPLICATION1.EXE
E:\C++\LEETCODE_SELF\ISANAGRAM\CONSOLEAPPLICATION1\DEBUG\CONSOLEAPPLICATION1.PDB
E:\c++\leetcode_self\isAnagram\ConsoleApplication1\ConsoleApplication1\Debug\main.obj
E:\c++\leetcode_self\isAnagram\ConsoleApplication1\ConsoleApplication1\Debug\cl.command.1.tlog
E:\c++\leetcode_self\isAnagram\ConsoleApplication1\ConsoleApplication1\Debug\CL.read.1.tlog
E:\c++\leetcode_self\isAnagram\ConsoleApplication1\ConsoleApplication1\Debug\CL.write.1.tlog
E:\c++\leetcode_self\isAnagram\ConsoleApplication1\ConsoleApplication1\Debug\link-cvtres.read.1.tlog
E:\c++\leetcode_self\isAnagram\ConsoleApplication1\ConsoleApplication1\Debug\link-cvtres.write.1.tlog
E:\c++\leetcode_self\isAnagram\ConsoleApplication1\ConsoleApplication1\Debug\link-rc.read.1.tlog
E:\c++\leetcode_self\isAnagram\ConsoleApplication1\ConsoleApplication1\Debug\link-rc.write.1.tlog
E:\c++\leetcode_self\isAnagram\ConsoleApplication1\ConsoleApplication1\Debug\link.10852-cvtres.read.1.tlog
E:\c++\leetcode_self\isAnagram\ConsoleApplication1\ConsoleApplication1\Debug\link.10852-cvtres.write.1.tlog
E:\c++\leetcode_self\isAnagram\ConsoleApplication1\ConsoleApplication1\Debug\link.10852-rc.read.1.tlog
E:\c++\leetcode_self\isAnagram\ConsoleApplication1\ConsoleApplication1\Debug\link.10852-rc.write.1.tlog
E:\c++\leetcode_self\isAnagram\ConsoleApplication1\ConsoleApplication1\Debug\link.10852.read.1.tlog
E:\c++\leetcode_self\isAnagram\ConsoleApplication1\ConsoleApplication1\Debug\link.10852.write.1.tlog
E:\c++\leetcode_self\isAnagram\ConsoleApplication1\ConsoleApplication1\Debug\link.25556-cvtres.read.1.tlog
E:\c++\leetcode_self\isAnagram\ConsoleApplication1\ConsoleApplication1\Debug\link.25556-cvtres.write.1.tlog
E:\c++\leetcode_self\isAnagram\ConsoleApplication1\ConsoleApplication1\Debug\link.25556-rc.read.1.tlog
E:\c++\leetcode_self\isAnagram\ConsoleApplication1\ConsoleApplication1\Debug\link.25556-rc.write.1.tlog
E:\c++\leetcode_self\isAnagram\ConsoleApplication1\ConsoleApplication1\Debug\link.25556.read.1.tlog
E:\c++\leetcode_self\isAnagram\ConsoleApplication1\ConsoleApplication1\Debug\link.25556.write.1.tlog
E:\c++\leetcode_self\isAnagram\ConsoleApplication1\ConsoleApplication1\Debug\link.26960-cvtres.read.1.tlog
E:\c++\leetcode_self\isAnagram\ConsoleApplication1\ConsoleApplication1\Debug\link.26960-cvtres.write.1.tlog
E:\c++\leetcode_self\isAnagram\ConsoleApplication1\ConsoleApplication1\Debug\link.26960-rc.read.1.tlog
E:\c++\leetcode_self\isAnagram\ConsoleApplication1\ConsoleApplication1\Debug\link.26960-rc.write.1.tlog
E:\c++\leetcode_self\isAnagram\ConsoleApplication1\ConsoleApplication1\Debug\link.26960.read.1.tlog
E:\c++\leetcode_self\isAnagram\ConsoleApplication1\ConsoleApplication1\Debug\link.26960.write.1.tlog
E:\c++\leetcode_self\isAnagram\ConsoleApplication1\ConsoleApplication1\Debug\link.command.1.tlog
E:\c++\leetcode_self\isAnagram\ConsoleApplication1\ConsoleApplication1\Debug\link.read.1.tlog
E:\c++\leetcode_self\isAnagram\ConsoleApplication1\ConsoleApplication1\Debug\link.write.1.tlog
E:\c++\leetcode_self\isAnagram\ConsoleApplication1\ConsoleApplication1\Debug\vc110.idb
E:\c++\leetcode_self\isAnagram\ConsoleApplication1\ConsoleApplication1\Debug\vc110.pdb
E:\c++\leetcode_self\isAnagram\ConsoleApplication1\Debug\ConsoleApplication1.pdb
E:\c++\leetcode_self\isAnagram\ConsoleApplication1\Debug\ConsoleApplication1.exe
E:\c++\leetcode_self\isAnagram\ConsoleApplication1\Debug\ConsoleApplication1.ilk
