E:\C++\LEETCODE_SELF\CONTAINSDUPLICATE\CONSOLEAPPLICATION1\CONSOLEAPPLICATION1\DEBUG\MAIN.OBJ
E:\C++\LEETCODE_SELF\CONTAINSDUPLICATE\CONSOLEAPPLICATION1\CONSOLEAPPLICATION1\DEBUG\VC110.PDB
E:\C++\LEETCODE_SELF\CONTAINSDUPLICATE\CONSOLEAPPLICATION1\DEBUG\CONSOLEAPPLICATION1.ILK
E:\C++\LEETCODE_SELF\CONTAINSDUPLICATE\CONSOLEAPPLICATION1\DEBUG\CONSOLEAPPLICATION1.EXE
E:\C++\LEETCODE_SELF\CONTAINSDUPLICATE\CONSOLEAPPLICATION1\DEBUG\CONSOLEAPPLICATION1.PDB
E:\c++\leetcode_self\containsDuplicate\ConsoleApplication1\ConsoleApplication1\Debug\main.obj
E:\c++\leetcode_self\containsDuplicate\ConsoleApplication1\ConsoleApplication1\Debug\cl.command.1.tlog
E:\c++\leetcode_self\containsDuplicate\ConsoleApplication1\ConsoleApplication1\Debug\CL.read.1.tlog
E:\c++\leetcode_self\containsDuplicate\ConsoleApplication1\ConsoleApplication1\Debug\CL.write.1.tlog
E:\c++\leetcode_self\containsDuplicate\ConsoleApplication1\ConsoleApplication1\Debug\link-cvtres.read.1.tlog
E:\c++\leetcode_self\containsDuplicate\ConsoleApplication1\ConsoleApplication1\Debug\link-cvtres.write.1.tlog
E:\c++\leetcode_self\containsDuplicate\ConsoleApplication1\ConsoleApplication1\Debug\link-rc.read.1.tlog
E:\c++\leetcode_self\containsDuplicate\ConsoleApplication1\ConsoleApplication1\Debug\link-rc.write.1.tlog
E:\c++\leetcode_self\containsDuplicate\ConsoleApplication1\ConsoleApplication1\Debug\link.command.1.tlog
E:\c++\leetcode_self\containsDuplicate\ConsoleApplication1\ConsoleApplication1\Debug\link.read.1.tlog
E:\c++\leetcode_self\containsDuplicate\ConsoleApplication1\ConsoleApplication1\Debug\link.write.1.tlog
E:\c++\leetcode_self\containsDuplicate\ConsoleApplication1\ConsoleApplication1\Debug\vc110.idb
E:\c++\leetcode_self\containsDuplicate\ConsoleApplication1\ConsoleApplication1\Debug\vc110.pdb
E:\c++\leetcode_self\containsDuplicate\ConsoleApplication1\Debug\ConsoleApplication1.pdb
E:\c++\leetcode_self\containsDuplicate\ConsoleApplication1\Debug\ConsoleApplication1.exe
E:\c++\leetcode_self\containsDuplicate\ConsoleApplication1\Debug\ConsoleApplication1.ilk
